<?xml version="1.0" encoding="UTF-8"?>
<!-- Generated by org.testng.reporters.JUnitReportReporter -->
<testsuite name="com.qa.testcases.LoginPageTest" tests="4" time="71.083" ignored="0" failures="0" timestamp="11 Oct 2022 08:46:23 GMT" skipped="0" hostname="PAKU-BLR-01" errors="0">
  <testcase name="ValidateLogo" time="13.266" classname="com.qa.testcases.LoginPageTest"/>
  <testcase name="ValidateTitleOfLoginPage" time="25.728" classname="com.qa.testcases.LoginPageTest"/>
  <testcase name="LoginCheck" time="17.372" classname="com.qa.testcases.LoginPageTest"/>
  <testcase name="ValidateSignuplink" time="14.717" classname="com.qa.testcases.LoginPageTest"/>
</testsuite> <!-- com.qa.testcases.LoginPageTest -->
