<?xml version="1.0" encoding="UTF-8"?>
<!-- Generated by org.testng.reporters.JUnitReportReporter -->
<testsuite name="com.qa.testcases.LoginPageTest" tests="4" time="61.528" ignored="0" failures="0" timestamp="11 Oct 2022 10:14:47 GMT" skipped="0" hostname="PAKU-BLR-01" errors="0">
  <testcase name="LoginCheck" time="15.325" classname="com.qa.testcases.LoginPageTest"/>
  <testcase name="ValidateSignuplink" time="11.264" classname="com.qa.testcases.LoginPageTest"/>
  <testcase name="ValidateLogo" time="21.021" classname="com.qa.testcases.LoginPageTest"/>
  <testcase name="ValidateTitleOfLoginPage" time="13.918" classname="com.qa.testcases.LoginPageTest"/>
</testsuite> <!-- com.qa.testcases.LoginPageTest -->
